<?xml version="1.0" encoding="utf-8"?><testsuites name="pytest tests"><testsuite name="pytest" errors="0" failures="0" skipped="0" tests="25" time="9.426" timestamp="2026-06-06T00:20:21.596593+00:00" hostname="agent-env-d7324956-9f3c-42eb-a7d1-98ab9654922c"><testcase classname="backend.tests.backend_test.TestDashboard" name="test_dashboard_stats" time="0.291" /><testcase classname="backend.tests.backend_test.TestDashboard" name="test_license_status" time="0.050" /><testcase classname="backend.tests.backend_test.TestDiscovery" name="test_search_auto_url_exact_match" time="0.047" /><testcase classname="backend.tests.backend_test.TestDiscovery" name="test_search_keyword_headphones" time="0.049" /><testcase classname="backend.tests.backend_test.TestDiscovery" name="test_search_sku_exact" time="0.046" /><testcase classname="backend.tests.backend_test.TestDiscovery" name="test_search_category_audio" time="0.050" /><testcase classname="backend.tests.backend_test.TestImports" name="test_create_import_simple" time="0.099" /><testcase classname="backend.tests.backend_test.TestImports" name="test_create_import_isolate_variants" time="0.046" /><testcase classname="backend.tests.backend_test.TestImports" name="test_list_imports_contains_created" time="0.049" /><testcase classname="backend.tests.backend_test.TestImports" name="test_patch_import" time="0.053" /><testcase classname="backend.tests.backend_test.TestImports" name="test_create_invalid_product" time="0.048" /><testcase classname="backend.tests.backend_test.TestAI" name="test_get_default_ai_settings" time="0.048" /><testcase classname="backend.tests.backend_test.TestAI" name="test_update_ai_settings" time="0.149" /><testcase classname="backend.tests.backend_test.TestAI" name="test_ai_rewrite_title" time="2.388" /><testcase classname="backend.tests.backend_test.TestAI" name="test_ai_rewrite_description" time="3.962" /><testcase classname="backend.tests.backend_test.TestAI" name="test_ai_rewrite_tags" time="1.369" /><testcase classname="backend.tests.backend_test.TestAI" name="test_ai_rewrite_unsupported_field" time="0.054" /><testcase classname="backend.tests.backend_test.TestPublish" name="test_publish_draft" time="0.098" /><testcase classname="backend.tests.backend_test.TestPublish" name="test_publish_same_draft_400" time="0.046" /><testcase classname="backend.tests.backend_test.TestDeleteLogs" name="test_delete_published_draft_preserves_wc" time="0.094" /><testcase classname="backend.tests.backend_test.TestDeleteLogs" name="test_delete_unpublished_draft" time="0.049" /><testcase classname="backend.tests.backend_test.TestDeleteLogs" name="test_logs_contains_recent_entries" time="0.050" /><testcase classname="backend.tests.backend_test.TestReleases" name="test_releases_list" time="0.046" /><testcase classname="backend.tests.backend_test.TestReleases" name="test_releases_latest" time="0.048" /><testcase classname="backend.tests.backend_test.TestMaintenance" name="test_clear_history" time="0.052" /></testsuite></testsuites>