<?xml version="1.0" encoding="utf-8"?><testsuites name="pytest tests"><testsuite name="pytest" errors="0" failures="0" skipped="0" tests="59" time="12.581" timestamp="2026-06-06T08:20:07.972135+00:00" hostname="agent-env-d7324956-9f3c-42eb-a7d1-98ab9654922c"><testcase classname="backend.tests.test_iter3_supplier_contract.TestSupplierSearchContract" name="test_verbatim_query_passthrough_and_shape" time="0.149" /><testcase classname="backend.tests.test_iter3_supplier_contract.TestSupplierSearchContract" name="test_result_item_shape_full_contract" time="0.052" /><testcase classname="backend.tests.test_iter3_supplier_contract.TestSupplierSearchContract" name="test_url_query_exact_match" time="0.052" /><testcase classname="backend.tests.test_iter3_supplier_contract.TestSupplierSearchContract" name="test_shipping_from_cn_filter" time="0.057" /><testcase classname="backend.tests.test_iter3_supplier_contract.TestSupplierSearchContract" name="test_shipping_from_all_no_filter" time="0.167" /><testcase classname="backend.tests.test_iter3_supplier_contract.TestSupplierSearchContract" name="test_unsupported_platform_400" time="0.047" /><testcase classname="backend.tests.test_iter3_supplier_contract.TestSupplierSearchContract" name="test_limit_clamped_to_60" time="0.074" /><testcase classname="backend.tests.test_iter3_supplier_contract.TestSupplierSearchContract" name="test_limit_minimum_one" time="0.053" /><testcase classname="backend.tests.test_iter3_supplier_contract.TestSupplierSearchContract" name="test_search_history_logged_with_endpoint_field" time="0.104" /><testcase classname="backend.tests.test_iter3_supplier_contract.TestLicenseAndDashboard" name="test_license_status_business_plan" time="0.052" /><testcase classname="backend.tests.test_iter3_supplier_contract.TestLicenseAndDashboard" name="test_dashboard_stats_business_and_cloud" time="0.051" /><testcase classname="backend.tests.test_iter3_supplier_contract.TestLicenseAndDashboard" name="test_maintenance_list_targets" time="0.050" /><testcase classname="backend.tests.test_iter3_supplier_contract.TestPluginReleases298" name="test_latest_is_298_with_updates_subdomain" time="0.050" /><testcase classname="backend.tests.test_iter3_supplier_contract.TestCORS" name="test_preflight_allows_origin[https://dropshipping.nips.live]" time="0.072" /><testcase classname="backend.tests.test_iter3_supplier_contract.TestCORS" name="test_preflight_allows_origin[https://alloutspares.com]" time="0.071" /><testcase classname="backend.tests.test_iter3_supplier_contract.TestCORS" name="test_preflight_allows_origin[https://product-forge-61.preview.emergentagent.com]" time="0.064" /><testcase classname="backend.tests.test_iter3_supplier_contract.TestLegacyRegression" name="test_legacy_discovery_search_still_works" time="0.051" /><testcase classname="backend.tests.test_iter3_supplier_contract.TestLegacyRegression" name="test_legacy_imports_crud" time="0.200" /><testcase classname="backend.tests.test_iter3_supplier_contract.TestLegacyRegression" name="test_legacy_ai_rewrite_real_openai" time="2.491" /><testcase classname="backend.tests.test_iter3_supplier_contract.TestLegacyRegression" name="test_legacy_publish_flow" time="0.157" /><testcase classname="backend.tests.test_iter3_supplier_contract.TestLegacyRegression" name="test_legacy_logs_endpoint" time="0.053" /><testcase classname="backend.tests.backend_test.TestDashboard" name="test_dashboard_stats" time="0.129" /><testcase classname="backend.tests.backend_test.TestDashboard" name="test_license_status" time="0.044" /><testcase classname="backend.tests.backend_test.TestDiscovery" name="test_search_auto_url_exact_match" time="0.046" /><testcase classname="backend.tests.backend_test.TestDiscovery" name="test_search_keyword_headphones" time="0.049" /><testcase classname="backend.tests.backend_test.TestDiscovery" name="test_search_sku_exact" time="0.044" /><testcase classname="backend.tests.backend_test.TestDiscovery" name="test_search_category_audio" time="0.042" /><testcase classname="backend.tests.backend_test.TestImports" name="test_create_import_simple" time="0.090" /><testcase classname="backend.tests.backend_test.TestImports" name="test_create_import_isolate_variants" time="0.045" /><testcase classname="backend.tests.backend_test.TestImports" name="test_list_imports_contains_created" time="0.048" /><testcase classname="backend.tests.backend_test.TestImports" name="test_patch_import" time="0.045" /><testcase classname="backend.tests.backend_test.TestImports" name="test_create_invalid_product" time="0.040" /><testcase classname="backend.tests.backend_test.TestAI" name="test_get_default_ai_settings" time="0.046" /><testcase classname="backend.tests.backend_test.TestAI" name="test_update_ai_settings" time="0.169" /><testcase classname="backend.tests.backend_test.TestAI" name="test_ai_rewrite_title" time="0.884" /><testcase classname="backend.tests.backend_test.TestAI" name="test_ai_rewrite_description" time="3.947" /><testcase classname="backend.tests.backend_test.TestAI" name="test_ai_rewrite_tags" time="1.499" /><testcase classname="backend.tests.backend_test.TestAI" name="test_ai_rewrite_unsupported_field" time="0.040" /><testcase classname="backend.tests.backend_test.TestPublish" name="test_publish_draft" time="0.126" /><testcase classname="backend.tests.backend_test.TestPublish" name="test_publish_same_draft_400" time="0.043" /><testcase classname="backend.tests.backend_test.TestDeleteLogs" name="test_delete_published_draft_preserves_wc" time="0.125" /><testcase classname="backend.tests.backend_test.TestDeleteLogs" name="test_delete_unpublished_draft" time="0.047" /><testcase classname="backend.tests.backend_test.TestDeleteLogs" name="test_logs_contains_recent_entries" time="0.044" /><testcase classname="backend.tests.backend_test.TestReleases" name="test_releases_list" time="0.045" /><testcase classname="backend.tests.backend_test.TestReleases" name="test_releases_latest" time="0.043" /><testcase classname="backend.tests.backend_test.TestSortFilters" name="test_meta_present_on_every_result" time="0.046" /><testcase classname="backend.tests.backend_test.TestSortFilters" name="test_sort_best_score_desc" time="0.047" /><testcase classname="backend.tests.backend_test.TestSortFilters" name="test_sort_cheapest_asc" time="0.045" /><testcase classname="backend.tests.backend_test.TestSortFilters" name="test_sort_profit_pct_top_desc" time="0.043" /><testcase classname="backend.tests.backend_test.TestSortFilters" name="test_sort_best_rating_desc" time="0.044" /><testcase classname="backend.tests.backend_test.TestSortFilters" name="test_sort_fastest_shipping_asc" time="0.045" /><testcase classname="backend.tests.backend_test.TestSortFilters" name="test_sort_most_orders_desc" time="0.044" /><testcase classname="backend.tests.backend_test.TestSortFilters" name="test_sort_free_shipping_only" time="0.044" /><testcase classname="backend.tests.backend_test.TestSortFilters" name="test_sort_min_reviews_100" time="0.046" /><testcase classname="backend.tests.backend_test.TestSortFilters" name="test_filter_free_shipping_flag" time="0.045" /><testcase classname="backend.tests.backend_test.TestSortFilters" name="test_filter_min_reviews_10000" time="0.042" /><testcase classname="backend.tests.backend_test.TestSortFilters" name="test_filter_min_reviews_excludes_low" time="0.045" /><testcase classname="backend.tests.backend_test.TestSortFilters" name="test_invalid_sort_by_falls_back" time="0.045" /><testcase classname="backend.tests.backend_test.TestMaintenance" name="test_clear_history" time="0.046" /></testsuite></testsuites>