<?xml version="1.0" encoding="utf-8"?><testsuites name="pytest tests"><testsuite name="pytest" errors="0" failures="0" skipped="0" tests="19" time="1.377" timestamp="2026-06-06T00:33:16.236821+00:00" hostname="agent-env-d7324956-9f3c-42eb-a7d1-98ab9654922c"><testcase classname="backend.tests.backend_test.TestSortFilters" name="test_meta_present_on_every_result" time="0.292" /><testcase classname="backend.tests.backend_test.TestSortFilters" name="test_sort_best_score_desc" time="0.055" /><testcase classname="backend.tests.backend_test.TestSortFilters" name="test_sort_cheapest_asc" time="0.057" /><testcase classname="backend.tests.backend_test.TestSortFilters" name="test_sort_profit_pct_top_desc" time="0.053" /><testcase classname="backend.tests.backend_test.TestSortFilters" name="test_sort_best_rating_desc" time="0.052" /><testcase classname="backend.tests.backend_test.TestSortFilters" name="test_sort_fastest_shipping_asc" time="0.056" /><testcase classname="backend.tests.backend_test.TestSortFilters" name="test_sort_most_orders_desc" time="0.051" /><testcase classname="backend.tests.backend_test.TestSortFilters" name="test_sort_free_shipping_only" time="0.050" /><testcase classname="backend.tests.backend_test.TestSortFilters" name="test_sort_min_reviews_100" time="0.059" /><testcase classname="backend.tests.backend_test.TestSortFilters" name="test_filter_free_shipping_flag" time="0.056" /><testcase classname="backend.tests.backend_test.TestSortFilters" name="test_filter_min_reviews_10000" time="0.050" /><testcase classname="backend.tests.backend_test.TestSortFilters" name="test_filter_min_reviews_excludes_low" time="0.051" /><testcase classname="backend.tests.backend_test.TestSortFilters" name="test_invalid_sort_by_falls_back" time="0.058" /><testcase classname="backend.tests.backend_test.TestDiscovery" name="test_search_auto_url_exact_match" time="0.059" /><testcase classname="backend.tests.backend_test.TestDiscovery" name="test_search_keyword_headphones" time="0.050" /><testcase classname="backend.tests.backend_test.TestDiscovery" name="test_search_sku_exact" time="0.049" /><testcase classname="backend.tests.backend_test.TestDiscovery" name="test_search_category_audio" time="0.049" /><testcase classname="backend.tests.backend_test.TestDashboard" name="test_dashboard_stats" time="0.060" /><testcase classname="backend.tests.backend_test.TestDashboard" name="test_license_status" time="0.051" /></testsuite></testsuites>